TN:
SF:src/app.js
FN:5,app
FNF:1
FNH:1
FNDA:7,app
DA:1,1
DA:2,1
DA:3,1
DA:4,1
DA:5,1
DA:6,7
DA:7,7
DA:8,7
DA:9,7
DA:10,7
DA:11,7
DA:12,7
DA:13,7
DA:14,7
DA:15,7
DA:16,7
DA:17,7
DA:18,7
DA:19,7
DA:20,7
DA:21,7
DA:22,7
DA:23,7
DA:24,7
DA:25,7
DA:26,7
DA:27,7
DA:28,7
DA:29,7
DA:30,7
DA:31,7
DA:32,7
DA:33,7
DA:34,7
DA:35,2
DA:36,2
DA:37,7
DA:38,1
DA:39,1
LF:39
LH:39
BRDA:5,0,0,7
BRDA:34,1,0,2
BRF:2
BRH:2
end_of_record
TN:
SF:src/commands/parser.js
FN:13,parseTextCommand
FN:29,parseFileCommand
FNF:2
FNH:2
FNDA:2,parseTextCommand
FNDA:3,parseFileCommand
DA:1,1
DA:2,1
DA:3,1
DA:4,1
DA:5,1
DA:6,1
DA:7,1
DA:8,1
DA:9,1
DA:10,1
DA:11,1
DA:12,1
DA:13,2
DA:14,2
DA:15,2
DA:16,2
DA:17,1
DA:18,1
DA:19,1
DA:20,1
DA:21,1
DA:22,1
DA:23,1
DA:24,1
DA:25,1
DA:26,1
DA:27,1
DA:28,1
DA:29,3
DA:30,3
DA:31,3
DA:32,3
DA:33,2
DA:34,12
DA:35,12
DA:36,3
DA:37,1
DA:38,1
DA:39,1
DA:40,1
DA:41,3
DA:42,3
DA:43,1
DA:44,3
DA:45,3
DA:46,1
DA:47,1
DA:48,1
DA:49,1
DA:50,2
DA:51,2
DA:52,2
DA:53,1
DA:54,1
DA:55,1
DA:56,1
DA:57,1
LF:57
LH:57
BRDA:13,0,0,2
BRDA:16,1,0,1
BRDA:29,2,0,3
BRDA:32,3,0,2
BRDA:36,4,0,1
BRDA:45,5,0,1
BRDA:50,6,0,2
BRDA:33,7,0,12
BRDA:40,8,0,3
BRF:9
BRH:9
end_of_record
TN:
SF:src/constants/regex.js
FNF:0
FNH:0
DA:1,1
DA:2,1
DA:3,1
DA:4,1
DA:5,1
LF:5
LH:5
BRF:0
BRH:0
end_of_record
TN:
SF:src/core/dictionary.js
FN:6,generateDictionaryOfWords
FNF:1
FNH:1
FNDA:17,generateDictionaryOfWords
DA:1,1
DA:2,1
DA:3,1
DA:4,1
DA:5,1
DA:6,17
DA:7,17
DA:8,17
DA:9,17
DA:10,17
DA:11,17
DA:12,17
DA:13,17
DA:14,17
DA:15,17
DA:16,34996
DA:17,34996
DA:18,3338
DA:19,34996
DA:20,34996
DA:21,17
DA:22,17
DA:23,17
DA:24,17
DA:25,1
DA:26,1
DA:27,1
DA:28,1
LF:28
LH:28
BRDA:6,0,0,17
BRDA:11,1,0,91008
BRDA:12,2,0,34996
BRDA:15,3,0,34996
BRDA:17,4,0,31658
BRDA:17,5,0,3338
BRDA:16,6,0,7171865
BRDA:22,7,0,51891
BRF:8
BRH:8
end_of_record
TN:
SF:src/core/external-filereader.js
FN:4,<instance_members_initializer>
FN:10,setUri
FN:22,startStream
FNF:3
FNH:3
FNDA:2,<instance_members_initializer>
FNDA:2,setUri
FNDA:2,startStream
DA:1,1
DA:2,1
DA:3,1
DA:4,1
DA:5,1
DA:6,1
DA:7,1
DA:8,1
DA:9,1
DA:10,1
DA:11,2
DA:12,2
DA:13,2
DA:14,1
DA:15,1
DA:16,1
DA:17,1
DA:18,1
DA:19,1
DA:20,1
DA:21,1
DA:22,1
DA:23,2
DA:24,2
DA:25,2
DA:26,2
DA:27,12
DA:28,12
DA:29,2
DA:30,2
DA:31,2
DA:32,2
DA:33,2
DA:34,2
DA:35,2
DA:36,2
DA:37,1
DA:38,1
DA:39,1
LF:39
LH:39
BRDA:4,0,0,2
BRDA:10,1,0,2
BRDA:22,2,0,2
BRDA:23,3,0,2
BRDA:25,4,0,2
BRDA:26,5,0,12
BRF:6
BRH:6
end_of_record
TN:
SF:src/core/filereader.js
FN:5,<instance_members_initializer>
FN:12,setPath
FN:21,startStream
FNF:3
FNH:3
FNDA:1,<instance_members_initializer>
FNDA:1,setPath
FNDA:1,startStream
DA:1,1
DA:2,1
DA:3,1
DA:4,1
DA:5,1
DA:6,1
DA:7,1
DA:8,1
DA:9,1
DA:10,1
DA:11,1
DA:12,1
DA:13,1
DA:14,1
DA:15,1
DA:16,1
DA:17,1
DA:18,1
DA:19,1
DA:20,1
DA:21,1
DA:22,1
DA:23,1
DA:24,1
DA:25,1
DA:26,1
DA:27,1
DA:28,1
DA:29,1
DA:30,1
DA:31,1
DA:32,1
DA:33,1
DA:34,1
DA:35,1
DA:36,1
DA:37,1
DA:38,1
DA:39,1
DA:40,1
DA:41,1
LF:41
LH:41
BRDA:5,0,0,1
BRDA:12,1,0,1
BRDA:21,2,0,1
BRDA:22,3,0,1
BRDA:23,4,0,0
BRDA:31,5,0,1
BRF:6
BRH:5
end_of_record
TN:
SF:src/core/report-generator.js
FN:5,<instance_members_initializer>
FN:11,ReportGenerator
FN:19,toTextFile
FNF:3
FNH:3
FNDA:2,<instance_members_initializer>
FNDA:2,ReportGenerator
FNDA:2,toTextFile
DA:1,1
DA:2,1
DA:3,1
DA:4,1
DA:5,1
DA:6,1
DA:7,1
DA:8,1
DA:9,1
DA:10,1
DA:11,1
DA:12,2
DA:13,2
DA:14,1
DA:15,1
DA:16,1
DA:17,1
DA:18,1
DA:19,1
DA:20,2
DA:21,2
DA:22,2
DA:23,2
DA:24,2
DA:25,0
DA:26,0
DA:27,2
DA:28,2
DA:29,2
DA:30,2
DA:31,2
DA:32,2
DA:33,2
DA:34,2
DA:35,2
DA:36,2
DA:37,2
DA:38,2
DA:39,2
DA:40,1
DA:41,1
DA:42,1
LF:42
LH:40
BRDA:5,0,0,2
BRDA:11,1,0,2
BRDA:19,2,0,2
BRDA:20,3,0,2
BRDA:23,4,0,2
BRDA:24,5,0,0
BRF:6
BRH:5
end_of_record
TN:
SF:src/interfaces/cli-parser.js
FN:4,<instance_members_initializer>
FN:11,setArgv
FN:19,getArgv
FN:29,action
FN:40,defaultAction
FN:50,_manageArgv
FN:67,_convertFlagsToParams
FN:83,_conditionsAreFulfilled
FNF:8
FNH:8
FNDA:7,<instance_members_initializer>
FNDA:7,setArgv
FNDA:1,getArgv
FNDA:14,action
FNDA:7,defaultAction
FNDA:7,_manageArgv
FNDA:5,_convertFlagsToParams
FNDA:14,_conditionsAreFulfilled
DA:1,1
DA:2,1
DA:3,1
DA:4,1
DA:5,7
DA:6,1
DA:7,1
DA:8,1
DA:9,1
DA:10,1
DA:11,1
DA:12,7
DA:13,7
DA:14,7
DA:15,1
DA:16,1
DA:17,1
DA:18,1
DA:19,1
DA:20,1
DA:21,1
DA:22,1
DA:23,1
DA:24,1
DA:25,1
DA:26,1
DA:27,1
DA:28,1
DA:29,1
DA:30,14
DA:31,5
DA:32,5
DA:33,5
DA:34,14
DA:35,1
DA:36,1
DA:37,1
DA:38,1
DA:39,1
DA:40,1
DA:41,7
DA:42,7
DA:43,1
DA:44,1
DA:45,1
DA:46,1
DA:47,1
DA:48,1
DA:49,1
DA:50,1
DA:51,7
DA:52,7
DA:53,16
DA:54,9
DA:55,9
DA:56,9
DA:57,16
DA:58,7
DA:59,7
DA:60,1
DA:61,1
DA:62,1
DA:63,1
DA:64,1
DA:65,1
DA:66,1
DA:67,1
DA:68,5
DA:69,5
DA:70,7
DA:71,7
DA:72,7
DA:73,7
DA:74,7
DA:75,7
DA:76,5
DA:77,5
DA:78,1
DA:79,1
DA:80,1
DA:81,1
DA:82,1
DA:83,1
DA:84,14
DA:85,14
DA:86,19
DA:87,14
DA:88,14
DA:89,14
DA:90,14
DA:91,14
DA:92,14
DA:93,14
DA:94,1
DA:95,1
DA:96,1
LF:96
LH:96
BRDA:4,0,0,7
BRDA:11,1,0,7
BRDA:19,2,0,1
BRDA:29,3,0,14
BRDA:30,4,0,5
BRDA:30,5,0,5
BRDA:40,6,0,7
BRDA:41,7,0,2
BRDA:50,8,0,7
BRDA:52,9,0,16
BRDA:53,10,0,9
BRDA:67,11,0,5
BRDA:69,12,0,7
BRDA:72,13,0,21
BRDA:83,14,0,14
BRDA:85,15,0,19
BRDA:86,16,0,14
BRDA:88,17,0,16
BRDA:89,18,0,7
BRDA:90,19,0,0
BRF:20
BRH:19
end_of_record
TN:
SF:src/utils/display.js
FN:5,displayDictionary
FNF:1
FNH:1
FNDA:5,displayDictionary
DA:1,1
DA:2,1
DA:3,1
DA:4,1
DA:5,5
DA:6,5
DA:7,5
DA:8,3333
DA:9,5
DA:10,5
DA:11,3333
DA:12,5
DA:13,5
DA:14,1
DA:15,1
DA:16,1
DA:17,1
LF:17
LH:17
BRDA:5,0,0,5
BRDA:7,1,0,3333
BRDA:8,2,0,3328
BRDA:8,3,0,5
BRF:4
BRH:4
end_of_record
TN:
SF:src/utils/logger.js
FN:2,log
FN:6,error
FNF:2
FNH:0
FNDA:0,log
FNDA:0,error
DA:1,1
DA:2,1
DA:3,0
DA:4,0
DA:5,1
DA:6,1
DA:7,0
DA:8,0
DA:9,1
DA:10,1
DA:11,1
LF:11
LH:7
BRF:0
BRH:0
end_of_record
TN:
SF:src/utils/url.js
FN:1,isValidHttpUrl
FNF:1
FNH:1
FNDA:3,isValidHttpUrl
DA:1,1
DA:2,3
DA:3,3
DA:4,3
DA:5,3
DA:6,1
DA:7,1
DA:8,3
DA:9,1
DA:10,1
DA:11,1
DA:12,1
LF:12
LH:12
BRDA:1,0,0,3
BRDA:5,1,0,1
BRF:2
BRH:2
end_of_record
